1 10 20
100 200 125
201 210 89
900 1000 174
20 5 21
10 20 21
20 30 112
30 40 107
40 50 110
50 60 113
60 70 108
70 80 116
80 90 111
90 100 119
100 110 114
110 120 114
120 130 122
130 140 91
140 150 117
150 160 86
160 170 112
170 180 125
180 190 107
190 200 120
200 210 89
210 220 115
220 230 115
230 240 128
240 250 110
250 260 123
260 270 123
270 280 92
280 290 118
290 300 118
300 310 87
310 320 131
320 330 144
330 340 113
340 350 126
350 360 126
360 370 95
370 380 108
380 390 121
390 400 121
400 410 41
410 420 134
420 430 103
430 440 116
440 450 116
450 460 129
460 470 129
470 480 129
480 490 142
490 500 142
500 510 111
510 520 124
520 530 124
530 540 124
540 550 137
550 560 137
560 570 106
570 580 119
580 590 119
590 600 119
600 610 132
610 620 132
620 630 132
630 640 132
640 650 145
650 660 145
660 670 145
670 680 114
680 690 127
690 700 127
700 710 171
710 720 65
720 730 96
730 740 140
740 750 96
750 760 140
760 770 153
770 780 153
780 790 122
790 800 122
800 810 73
810 820 135
820 830 135
830 840 135
840 850 60
850 860 148
860 870 148
870 880 179
880 890 148
890 900 117
900 910 117
910 920 130
920 930 130
930 940 174
940 950 130
950 960 130
960 970 143
970 980 143
980 990 143
990 1000 112
